0 info it worked if it ends with ok
1 verbose cli [ 'node', '/usr/bin/npm', 'install', '-g', 'node-webp-bin' ]
2 info using npm@2.11.0
3 info using node@v0.10.29
4 verbose node symlink /usr/bin/node
5 verbose install initial load of /usr/lib/package.json
6 verbose readDependencies loading dependencies from /usr/lib/package.json
7 silly cache add args [ 'node-webp-bin', null ]
8 verbose cache add spec node-webp-bin
9 silly cache add parsed spec { raw: 'node-webp-bin',
9 silly cache add   scope: null,
9 silly cache add   name: 'node-webp-bin',
9 silly cache add   rawSpec: '',
9 silly cache add   spec: '*',
9 silly cache add   type: 'range' }
10 silly addNamed node-webp-bin@*
11 verbose addNamed "*" is a valid semver range for node-webp-bin
12 silly addNameRange { name: 'node-webp-bin', range: '*', hasData: false }
13 silly mapToRegistry name node-webp-bin
14 silly mapToRegistry using default registry
15 silly mapToRegistry registry https://registry.npmjs.org/
16 silly mapToRegistry uri https://registry.npmjs.org/node-webp-bin
17 verbose addNameRange registry:https://registry.npmjs.org/node-webp-bin not in flight; fetching
18 verbose request uri https://registry.npmjs.org/node-webp-bin
19 verbose request no auth needed
20 info attempt registry request try #1 at 10:22:31
21 verbose request id 1a73084b8c3c92fb
22 http request GET https://registry.npmjs.org/node-webp-bin
23 http 404 https://registry.npmjs.org/node-webp-bin
24 verbose headers { server: 'CouchDB/1.5.0 (Erlang OTP/R16B03)',
24 verbose headers   'content-type': 'application/json',
24 verbose headers   'cache-control': 'max-age=0',
24 verbose headers   'content-length': '51',
24 verbose headers   'accept-ranges': 'bytes',
24 verbose headers   date: 'Sun, 31 May 2015 15:22:33 GMT',
24 verbose headers   via: '1.1 varnish',
24 verbose headers   age: '0',
24 verbose headers   connection: 'keep-alive',
24 verbose headers   'x-served-by': 'cache-lhr6325-LHR',
24 verbose headers   'x-cache': 'MISS',
24 verbose headers   'x-cache-hits': '0',
24 verbose headers   'x-timer': 'S1433085753.013496,VS0,VE100' }
25 silly get cb [ 404,
25 silly get   { server: 'CouchDB/1.5.0 (Erlang OTP/R16B03)',
25 silly get     'content-type': 'application/json',
25 silly get     'cache-control': 'max-age=0',
25 silly get     'content-length': '51',
25 silly get     'accept-ranges': 'bytes',
25 silly get     date: 'Sun, 31 May 2015 15:22:33 GMT',
25 silly get     via: '1.1 varnish',
25 silly get     age: '0',
25 silly get     connection: 'keep-alive',
25 silly get     'x-served-by': 'cache-lhr6325-LHR',
25 silly get     'x-cache': 'MISS',
25 silly get     'x-cache-hits': '0',
25 silly get     'x-timer': 'S1433085753.013496,VS0,VE100' } ]
26 verbose stack Error: 404 Not Found: node-webp-bin
26 verbose stack     at CachingRegistryClient.<anonymous> (/usr/lib/node_modules/npm/node_modules/npm-registry-client/lib/request.js:245:14)
26 verbose stack     at Request._callback (/usr/lib/node_modules/npm/node_modules/npm-registry-client/lib/request.js:170:14)
26 verbose stack     at Request.self.callback (/usr/lib/node_modules/npm/node_modules/request/request.js:368:22)
26 verbose stack     at Request.emit (events.js:98:17)
26 verbose stack     at Request.<anonymous> (/usr/lib/node_modules/npm/node_modules/request/request.js:1219:14)
26 verbose stack     at Request.emit (events.js:117:20)
26 verbose stack     at IncomingMessage.<anonymous> (/usr/lib/node_modules/npm/node_modules/request/request.js:1167:12)
26 verbose stack     at IncomingMessage.emit (events.js:117:20)
26 verbose stack     at _stream_readable.js:929:16
26 verbose stack     at process._tickCallback (node.js:419:13)
27 verbose statusCode 404
28 verbose pkgid node-webp-bin
29 verbose cwd /var/www/projects/designscook
30 error Linux 3.2.0-4-amd64
31 error argv "node" "/usr/bin/npm" "install" "-g" "node-webp-bin"
32 error node v0.10.29
33 error npm  v2.11.0
34 error code E404
35 error 404 Not Found: node-webp-bin
35 error 404
35 error 404 'node-webp-bin' is not in the npm registry.
35 error 404 You should bug the author to publish it (or use the name yourself!)
35 error 404
35 error 404 Note that you can also install from a
35 error 404 tarball, folder, http url, or git url.
36 verbose exit [ 1, true ]
